<?xml version="1.0" encoding="UTF-8"?>
<robot generator="Robot 6.1.1 (Python 3.12.0 on win32)" generated="20231212 12:45:44.605" rpa="false" schemaversion="4">
<suite id="s1" name="Utilities Water Test" source="C:\Users\lroch\OneDrive\Desktop\CheckListWater\TestFumasaWater\RobotFramework\Testing\Utilities_Water_Test.robot">
<test id="s1-t1" name="Caso de Teste 001 - Check List Smoke Test" line="9">
<kw name="Abrir o navegador" library="Utilities_Water_resources" type="SETUP">
<kw name="Open Browser" library="SeleniumLibrary">
<arg>browser=chrome</arg>
<doc>Opens a new browser instance to the optional ``url``.</doc>
<msg timestamp="20231212 12:45:44.756" level="INFO">Opening browser 'chrome' to base url 'None'.</msg>
<status status="PASS" starttime="20231212 12:45:44.756" endtime="20231212 12:45:46.571"/>
</kw>
<kw name="Maximize Browser Window" library="SeleniumLibrary">
<doc>Maximizes current browser window.</doc>
<status status="PASS" starttime="20231212 12:45:46.571" endtime="20231212 12:45:46.691"/>
</kw>
<status status="PASS" starttime="20231212 12:45:44.756" endtime="20231212 12:45:46.691"/>
</kw>
<kw name="Acessar a home page do site Grouplinknetwork.com/login &quot;STAGING&quot;" library="Utilities_Water_resources">
<kw name="Go To" library="SeleniumLibrary">
<arg>url=${URL}</arg>
<doc>Navigates the current browser window to the provided ``url``.</doc>
<msg timestamp="20231212 12:45:46.692" level="INFO">Opening url 'https://dashboard-s.grouplinknetwork.com/login'</msg>
<status status="PASS" starttime="20231212 12:45:46.691" endtime="20231212 12:45:48.589"/>
</kw>
<kw name="Wait Until Element Is Visible" library="SeleniumLibrary">
<arg>locator=${TOPBAR}</arg>
<doc>Waits until the element ``locator`` is visible.</doc>
<status status="PASS" starttime="20231212 12:45:48.589" endtime="20231212 12:45:48.621"/>
</kw>
<status status="PASS" starttime="20231212 12:45:46.691" endtime="20231212 12:45:48.621"/>
</kw>
<kw name="Clicar no &quot;accept cookies policy&quot;" library="Utilities_Water_resources">
<kw name="Click Element" library="SeleniumLibrary">
<arg>locator=${Get Cookies}</arg>
<doc>Click the element identified by ``locator``.</doc>
<msg timestamp="20231212 12:45:48.621" level="INFO">Clicking element '//h5[@class='MuiTypography-root MuiTypography-h5 css-i6vjuv'][contains(.,'accept all cookies')]'.</msg>
<status status="PASS" starttime="20231212 12:45:48.621" endtime="20231212 12:45:48.698"/>
</kw>
<status status="PASS" starttime="20231212 12:45:48.621" endtime="20231212 12:45:48.698"/>
</kw>
<kw name="Verificar se o título da página fica &quot;Group Link - Dashboard&quot;" library="Utilities_Water_resources" sourcename="Verificar se o título da página fica &quot;${TITULOGROUPLINK}&quot;">
<kw name="Title Should Be" library="SeleniumLibrary">
<arg>title=${TITULOGROUPLINK}</arg>
<doc>Verifies that the current page title equals ``title``.</doc>
<msg timestamp="20231212 12:45:48.710" level="INFO">Page title is 'Group Link - Dashboard'.</msg>
<status status="PASS" starttime="20231212 12:45:48.700" endtime="20231212 12:45:48.710"/>
</kw>
<status status="PASS" starttime="20231212 12:45:48.699" endtime="20231212 12:45:48.710"/>
</kw>
<kw name="Verificar se aparece a frase &quot;GROUP LINK TM&quot;" library="Utilities_Water_resources">
<kw name="Element Should Be Visible" library="SeleniumLibrary">
<arg>locator=logo</arg>
<doc>Verifies that the element identified by ``locator`` is visible.</doc>
<msg timestamp="20231212 12:45:48.722" level="INFO">Element 'logo' is displayed.</msg>
<status status="PASS" starttime="20231212 12:45:48.710" endtime="20231212 12:45:48.722"/>
</kw>
<status status="PASS" starttime="20231212 12:45:48.710" endtime="20231212 12:45:48.722"/>
</kw>
<kw name="Verificar se aparece a frase &quot;Sign in to Group Link&quot;" library="Utilities_Water_resources">
<kw name="Element Should Be Visible" library="SeleniumLibrary">
<arg>locator=//h4[contains(.,'Sign in to Group Link')]</arg>
<doc>Verifies that the element identified by ``locator`` is visible.</doc>
<msg timestamp="20231212 12:45:48.750" level="INFO">Element '//h4[contains(.,'Sign in to Group Link')]' is displayed.</msg>
<status status="PASS" starttime="20231212 12:45:48.722" endtime="20231212 12:45:48.750"/>
</kw>
<status status="PASS" starttime="20231212 12:45:48.722" endtime="20231212 12:45:48.750"/>
</kw>
<kw name="Verificar se aparece a frase &quot;Email&quot;" library="Utilities_Water_resources">
<kw name="Element Should Be Visible" library="SeleniumLibrary">
<arg>locator=//label[contains(.,'Email')]</arg>
<doc>Verifies that the element identified by ``locator`` is visible.</doc>
<msg timestamp="20231212 12:45:48.766" level="INFO">Element '//label[contains(.,'Email')]' is displayed.</msg>
<status status="PASS" starttime="20231212 12:45:48.751" endtime="20231212 12:45:48.766"/>
</kw>
<status status="PASS" starttime="20231212 12:45:48.751" endtime="20231212 12:45:48.766"/>
</kw>
<kw name="Verificar se aparece a frase &quot;Password&quot;" library="Utilities_Water_resources">
<kw name="Element Should Be Visible" library="SeleniumLibrary">
<arg>locator=//label[contains(.,'Password')]</arg>
<doc>Verifies that the element identified by ``locator`` is visible.</doc>
<msg timestamp="20231212 12:45:48.782" level="INFO">Element '//label[contains(.,'Password')]' is displayed.</msg>
<status status="PASS" starttime="20231212 12:45:48.767" endtime="20231212 12:45:48.782"/>
</kw>
<status status="PASS" starttime="20231212 12:45:48.767" endtime="20231212 12:45:48.782"/>
</kw>
<kw name="Verificar se aparece a frase &quot;By logging in, you agree to the Terms of Service and our Privacy Policy&quot;" library="Utilities_Water_resources">
<kw name="Element Should Be Visible" library="SeleniumLibrary">
<arg>locator=//h6[contains(.,'By logging in, you agree to the Terms of Service and our Privacy Policy')]</arg>
<doc>Verifies that the element identified by ``locator`` is visible.</doc>
<msg timestamp="20231212 12:45:48.792" level="INFO">Element '//h6[contains(.,'By logging in, you agree to the Terms of Service and our Privacy Policy')]' is displayed.</msg>
<status status="PASS" starttime="20231212 12:45:48.782" endtime="20231212 12:45:48.792"/>
</kw>
<status status="PASS" starttime="20231212 12:45:48.782" endtime="20231212 12:45:48.792"/>
</kw>
<kw name="Verificar se aparece a frase &quot;© 2021 Group Link™. All rights reserved&quot;" library="Utilities_Water_resources">
<kw name="Element Should Be Visible" library="SeleniumLibrary">
<arg>locator=//p[contains(.,'© 2021 Group Link™. All rights reserved')]</arg>
<doc>Verifies that the element identified by ``locator`` is visible.</doc>
<msg timestamp="20231212 12:45:48.818" level="INFO">Element '//p[contains(.,'© 2021 Group Link™. All rights reserved')]' is displayed.</msg>
<status status="PASS" starttime="20231212 12:45:48.792" endtime="20231212 12:45:48.818"/>
</kw>
<status status="PASS" starttime="20231212 12:45:48.792" endtime="20231212 12:45:48.818"/>
</kw>
<kw name="Verificar se aparece a frase &quot;need help?&quot;" library="Utilities_Water_resources">
<kw name="Element Should Be Visible" library="SeleniumLibrary">
<arg>locator=//button[contains(.,'need help?')]</arg>
<doc>Verifies that the element identified by ``locator`` is visible.</doc>
<msg timestamp="20231212 12:45:48.842" level="INFO">Element '//button[contains(.,'need help?')]' is displayed.</msg>
<status status="PASS" starttime="20231212 12:45:48.819" endtime="20231212 12:45:48.842"/>
</kw>
<status status="PASS" starttime="20231212 12:45:48.818" endtime="20231212 12:45:48.842"/>
</kw>
<kw name="Verificar se aparece a frase &quot;Forgot Password?&quot;" library="Utilities_Water_resources">
<kw name="Element Should Be Visible" library="SeleniumLibrary">
<arg>locator=//button[contains(.,'Forgot Password?')]</arg>
<doc>Verifies that the element identified by ``locator`` is visible.</doc>
<msg timestamp="20231212 12:45:48.866" level="INFO">Element '//button[contains(.,'Forgot Password?')]' is displayed.</msg>
<status status="PASS" starttime="20231212 12:45:48.843" endtime="20231212 12:45:48.866"/>
</kw>
<status status="PASS" starttime="20231212 12:45:48.842" endtime="20231212 12:45:48.866"/>
</kw>
<kw name="Verificar se aparece a frase &quot;log in&quot;" library="Utilities_Water_resources">
<kw name="Element Should Be Visible" library="SeleniumLibrary">
<arg>locator=//button[contains(.,'log in')]</arg>
<doc>Verifies that the element identified by ``locator`` is visible.</doc>
<msg timestamp="20231212 12:45:48.884" level="INFO">Element '//button[contains(.,'log in')]' is displayed.</msg>
<status status="PASS" starttime="20231212 12:45:48.867" endtime="20231212 12:45:48.884"/>
</kw>
<status status="PASS" starttime="20231212 12:45:48.867" endtime="20231212 12:45:48.884"/>
</kw>
<kw name="Digitar o &quot;Email&quot; no campo Type your email" library="Utilities_Water_resources">
<kw name="Input Text" library="SeleniumLibrary">
<arg>locator=//input[@type='email']</arg>
<arg>text=qa.water@grouplinknetwork.com</arg>
<doc>Types the given ``text`` into the text field identified by ``locator``.</doc>
<msg timestamp="20231212 12:45:48.885" level="INFO">Typing text 'qa.water@grouplinknetwork.com' into text field '//input[@type='email']'.</msg>
<status status="PASS" starttime="20231212 12:45:48.884" endtime="20231212 12:45:49.060"/>
</kw>
<status status="PASS" starttime="20231212 12:45:48.884" endtime="20231212 12:45:49.060"/>
</kw>
<kw name="Digitar o &quot;Password&quot; no campo Type your passoword" library="Utilities_Water_resources">
<kw name="Input Text" library="SeleniumLibrary">
<arg>locator=//input[@type='password']</arg>
<arg>text=fzveqtsdkukz</arg>
<doc>Types the given ``text`` into the text field identified by ``locator``.</doc>
<msg timestamp="20231212 12:45:49.060" level="INFO">Typing text 'fzveqtsdkukz' into text field '//input[@type='password']'.</msg>
<status status="PASS" starttime="20231212 12:45:49.060" endtime="20231212 12:45:49.155"/>
</kw>
<status status="PASS" starttime="20231212 12:45:49.060" endtime="20231212 12:45:49.155"/>
</kw>
<kw name="Clicar no botão de &quot;log in&quot;" library="Utilities_Water_resources">
<kw name="Click Element" library="SeleniumLibrary">
<arg>locator=(//button[@tabindex='0'])[2]</arg>
<doc>Click the element identified by ``locator``.</doc>
<msg timestamp="20231212 12:45:49.155" level="INFO">Clicking element '(//button[@tabindex='0'])[2]'.</msg>
<status status="PASS" starttime="20231212 12:45:49.155" endtime="20231212 12:45:49.195"/>
</kw>
<status status="PASS" starttime="20231212 12:45:49.155" endtime="20231212 12:45:49.195"/>
</kw>
<kw name="Fechar o navegador" library="Utilities_Water_resources" type="TEARDOWN">
<kw name="Capture Page Screenshot" library="SeleniumLibrary">
<doc>Takes a screenshot of the current page and embeds it into a log file.</doc>
<msg timestamp="20231212 12:45:49.302" level="INFO" html="true">&lt;/td&gt;&lt;/tr&gt;&lt;tr&gt;&lt;td colspan="3"&gt;&lt;a href="selenium-screenshot-1.png"&gt;&lt;img src="selenium-screenshot-1.png" width="800px"&gt;&lt;/a&gt;</msg>
<status status="PASS" starttime="20231212 12:45:49.195" endtime="20231212 12:45:49.302"/>
</kw>
<kw name="Close Browser" library="SeleniumLibrary">
<doc>Closes the current browser.</doc>
<status status="PASS" starttime="20231212 12:45:49.302" endtime="20231212 12:45:51.427"/>
</kw>
<status status="PASS" starttime="20231212 12:45:49.195" endtime="20231212 12:45:51.427"/>
</kw>
<doc>Este teste realiza o login com a senha atual e
verficar a pagina de login do site "GroupLinkNetwork"</doc>
<tag>UtilitiesWater</tag>
<status status="PASS" starttime="20231212 12:45:44.756" endtime="20231212 12:45:51.427"/>
</test>
<doc>Essa suíte testa o Cenários Smoke Test da "Smart Retail"</doc>
<status status="PASS" starttime="20231212 12:45:44.605" endtime="20231212 12:45:51.427"/>
</suite>
<statistics>
<total>
<stat pass="1" fail="0" skip="0">All Tests</stat>
</total>
<tag>
<stat pass="1" fail="0" skip="0">UtilitiesWater</stat>
</tag>
<suite>
<stat pass="1" fail="0" skip="0" id="s1" name="Utilities Water Test">Utilities Water Test</stat>
</suite>
</statistics>
<errors>
</errors>
</robot>
